# Logfile created on 2020-05-11 16:54:29 +0000 by logger.rb/66358
[2020-05-11T16:54:29+00:00] INFO: Started chef-zero at chefzero://localhost:1 with repository at /opt/gitlab/embedded
  One version per cookbook

[2020-05-11T16:54:29+00:00] INFO: *** Chef 14.14.29 ***
[2020-05-11T16:54:29+00:00] INFO: Platform: x86_64-linux
[2020-05-11T16:54:29+00:00] INFO: Chef-client pid: 28
[2020-05-11T16:54:29+00:00] INFO: The plugin path /etc/chef/ohai/plugins does not exist. Skipping...
[2020-05-11T16:54:30+00:00] WARN: Plugin Network: unable to detect ipaddress
[2020-05-11T16:54:30+00:00] INFO: Setting the run_list to ["recipe[gitlab]"] from CLI options
[2020-05-11T16:54:30+00:00] INFO: Run List is [recipe[gitlab]]
[2020-05-11T16:54:30+00:00] INFO: Run List expands to [gitlab]
[2020-05-11T16:54:30+00:00] INFO: Starting Chef Run for 5cb00d18cdca
[2020-05-11T16:54:30+00:00] INFO: Running start handlers
[2020-05-11T16:54:30+00:00] INFO: Start handlers complete.
[2020-05-11T16:54:31+00:00] INFO: Loading cookbooks [gitlab@0.0.1, package@0.1.0, postgresql@0.1.0, redis@0.1.0, monitoring@0.1.0, registry@0.1.0, mattermost@0.1.0, consul@0.1.0, gitaly@0.1.0, praefect@0.1.0, letsencrypt@0.1.0, nginx@0.1.0, runit@4.3.0, acme@4.1.1, crond@0.1.0]
[2020-05-11T16:54:31+00:00] ERROR: Running exception handlers
[2020-05-11T16:54:31+00:00] ERROR: Exception handlers complete
[2020-05-11T16:54:31+00:00] FATAL: Stacktrace dumped to /opt/gitlab/embedded/cookbooks/cache/chef-stacktrace.out
[2020-05-11T16:54:31+00:00] FATAL: Please provide the contents of the stacktrace.out file if you file a bug report
[2020-05-11T16:54:31+00:00] FATAL: Mixlib::Config::UnknownConfigOptionError: Reading unsupported config value ci_nginx.
